This file contains any messages produced by compilers while
running configure, to aid debugging if configure makes a mistake.

It was created by WebKitGTK configure 2.4.11, which was
generated by GNU Autoconf 2.69.  Invocation command line was

  $ ./configure 

## --------- ##
## Platform. ##
## --------- ##

hostname = marques-SVS13A17GBB
uname -m = x86_64
uname -r = 5.0.0-29-generic
uname -s = Linux
uname -v = #31-Ubuntu SMP Thu Sep 12 13:05:32 UTC 2019

/usr/bin/uname -p = x86_64
/bin/uname -X     = unknown

/bin/arch              = x86_64
/usr/bin/arch -k       = unknown
/usr/convex/getsysinfo = unknown
/usr/bin/hostinfo      = unknown
/bin/machine           = unknown
/usr/bin/oslevel       = unknown
/bin/universe          = unknown

PATH: /usr/local/sbin
PATH: /usr/local/bin
PATH: /usr/sbin
PATH: /usr/bin
PATH: /sbin
PATH: /bin
PATH: /snap/bin


## ----------- ##
## Core tests. ##
## ----------- ##

configure:2968: checking build system type
configure:2982: result: x86_64-unknown-linux-gnu
configure:3002: checking host system type
configure:3015: result: x86_64-unknown-linux-gnu
configure:3062: checking for perl
configure:3080: found /usr/bin/perl
configure:3092: result: /usr/bin/perl
configure:3106: checking for python
configure:3124: found /usr/bin/python
configure:3136: result: /usr/bin/python
configure:3150: checking for ruby
configure:3168: found /usr/bin/ruby
configure:3180: result: /usr/bin/ruby
configure:3194: checking for bison
configure:3227: result: no
configure:3233: error: You need the 'bison' parser generator to compile WebKit

## ---------------- ##
## Cache variables. ##
## ---------------- ##

ac_cv_build=x86_64-unknown-linux-gnu
ac_cv_env_ATSPI2_CFLAGS_set=
ac_cv_env_ATSPI2_CFLAGS_value=
ac_cv_env_ATSPI2_LIBS_set=
ac_cv_env_ATSPI2_LIBS_value=
ac_cv_env_CAIRO_CFLAGS_set=
ac_cv_env_CAIRO_CFLAGS_value=
ac_cv_env_CAIRO_DIRECTFB_CFLAGS_set=
ac_cv_env_CAIRO_DIRECTFB_CFLAGS_value=
ac_cv_env_CAIRO_DIRECTFB_LIBS_set=
ac_cv_env_CAIRO_DIRECTFB_LIBS_value=
ac_cv_env_CAIRO_GL_CFLAGS_set=
ac_cv_env_CAIRO_GL_CFLAGS_value=
ac_cv_env_CAIRO_GL_LIBS_set=
ac_cv_env_CAIRO_GL_LIBS_value=
ac_cv_env_CAIRO_LIBS_set=
ac_cv_env_CAIRO_LIBS_value=
ac_cv_env_CCC_set=
ac_cv_env_CCC_value=
ac_cv_env_CC_set=
ac_cv_env_CC_value=
ac_cv_env_CFLAGS_set=
ac_cv_env_CFLAGS_value=
ac_cv_env_CPPFLAGS_set=
ac_cv_env_CPPFLAGS_value=
ac_cv_env_CPP_set=
ac_cv_env_CPP_value=
ac_cv_env_CXXCPP_set=
ac_cv_env_CXXCPP_value=
ac_cv_env_CXXFLAGS_set=
ac_cv_env_CXXFLAGS_value=
ac_cv_env_CXX_set=
ac_cv_env_CXX_value=
ac_cv_env_ENCHANT_CFLAGS_set=
ac_cv_env_ENCHANT_CFLAGS_value=
ac_cv_env_ENCHANT_LIBS_set=
ac_cv_env_ENCHANT_LIBS_value=
ac_cv_env_FREETYPE_CFLAGS_set=
ac_cv_env_FREETYPE_CFLAGS_value=
ac_cv_env_FREETYPE_LIBS_set=
ac_cv_env_FREETYPE_LIBS_value=
ac_cv_env_GAMEPAD_CFLAGS_set=
ac_cv_env_GAMEPAD_CFLAGS_value=
ac_cv_env_GAMEPAD_LIBS_set=
ac_cv_env_GAMEPAD_LIBS_value=
ac_cv_env_GEOCLUE2_CFLAGS_set=
ac_cv_env_GEOCLUE2_CFLAGS_value=
ac_cv_env_GEOCLUE2_LIBS_set=
ac_cv_env_GEOCLUE2_LIBS_value=
ac_cv_env_GEOCLUE_CFLAGS_set=
ac_cv_env_GEOCLUE_CFLAGS_value=
ac_cv_env_GEOCLUE_LIBS_set=
ac_cv_env_GEOCLUE_LIBS_value=
ac_cv_env_GSTREAMER_CFLAGS_set=
ac_cv_env_GSTREAMER_CFLAGS_value=
ac_cv_env_GSTREAMER_LIBS_set=
ac_cv_env_GSTREAMER_LIBS_value=
ac_cv_env_GTK2_CFLAGS_set=
ac_cv_env_GTK2_CFLAGS_value=
ac_cv_env_GTK2_LIBS_set=
ac_cv_env_GTK2_LIBS_value=
ac_cv_env_GTKDOC_DEPS_CFLAGS_set=
ac_cv_env_GTKDOC_DEPS_CFLAGS_value=
ac_cv_env_GTKDOC_DEPS_LIBS_set=
ac_cv_env_GTKDOC_DEPS_LIBS_value=
ac_cv_env_GTK_CFLAGS_set=
ac_cv_env_GTK_CFLAGS_value=
ac_cv_env_GTK_DIRECTFB_CFLAGS_set=
ac_cv_env_GTK_DIRECTFB_CFLAGS_value=
ac_cv_env_GTK_DIRECTFB_LIBS_set=
ac_cv_env_GTK_DIRECTFB_LIBS_value=
ac_cv_env_GTK_LIBS_set=
ac_cv_env_GTK_LIBS_value=
ac_cv_env_GTK_UNIX_PRINTING_CFLAGS_set=
ac_cv_env_GTK_UNIX_PRINTING_CFLAGS_value=
ac_cv_env_GTK_UNIX_PRINTING_LIBS_set=
ac_cv_env_GTK_UNIX_PRINTING_LIBS_value=
ac_cv_env_GTK_WAYLAND_CFLAGS_set=
ac_cv_env_GTK_WAYLAND_CFLAGS_value=
ac_cv_env_GTK_WAYLAND_LIBS_set=
ac_cv_env_GTK_WAYLAND_LIBS_value=
ac_cv_env_GTK_X11_CFLAGS_set=
ac_cv_env_GTK_X11_CFLAGS_value=
ac_cv_env_GTK_X11_LIBS_set=
ac_cv_env_GTK_X11_LIBS_value=
ac_cv_env_HARFBUZZ_ICU_CFLAGS_set=
ac_cv_env_HARFBUZZ_ICU_CFLAGS_value=
ac_cv_env_HARFBUZZ_ICU_LIBS_set=
ac_cv_env_HARFBUZZ_ICU_LIBS_value=
ac_cv_env_ICU_CFLAGS_set=
ac_cv_env_ICU_CFLAGS_value=
ac_cv_env_ICU_LIBS_set=
ac_cv_env_ICU_LIBS_value=
ac_cv_env_INTROSPECTION_CFLAGS_set=
ac_cv_env_INTROSPECTION_CFLAGS_value=
ac_cv_env_INTROSPECTION_LIBS_set=
ac_cv_env_INTROSPECTION_LIBS_value=
ac_cv_env_LDFLAGS_set=
ac_cv_env_LDFLAGS_value=
ac_cv_env_LIBSECRET_CFLAGS_set=
ac_cv_env_LIBSECRET_CFLAGS_value=
ac_cv_env_LIBSECRET_LIBS_set=
ac_cv_env_LIBSECRET_LIBS_value=
ac_cv_env_LIBSOUP_CFLAGS_set=
ac_cv_env_LIBSOUP_CFLAGS_value=
ac_cv_env_LIBSOUP_LIBS_set=
ac_cv_env_LIBSOUP_LIBS_value=
ac_cv_env_LIBS_set=
ac_cv_env_LIBS_value=
ac_cv_env_LIBXML_CFLAGS_set=
ac_cv_env_LIBXML_CFLAGS_value=
ac_cv_env_LIBXML_LIBS_set=
ac_cv_env_LIBXML_LIBS_value=
ac_cv_env_LIBXSLT_CFLAGS_set=
ac_cv_env_LIBXSLT_CFLAGS_value=
ac_cv_env_LIBXSLT_LIBS_set=
ac_cv_env_LIBXSLT_LIBS_value=
ac_cv_env_LT_SYS_LIBRARY_PATH_set=
ac_cv_env_LT_SYS_LIBRARY_PATH_value=
ac_cv_env_PANGO_CFLAGS_set=
ac_cv_env_PANGO_CFLAGS_value=
ac_cv_env_PANGO_LIBS_set=
ac_cv_env_PANGO_LIBS_value=
ac_cv_env_PKG_CONFIG_LIBDIR_set=
ac_cv_env_PKG_CONFIG_LIBDIR_value=
ac_cv_env_PKG_CONFIG_PATH_set=
ac_cv_env_PKG_CONFIG_PATH_value=
ac_cv_env_PKG_CONFIG_set=
ac_cv_env_PKG_CONFIG_value=
ac_cv_env_SQLITE3_CFLAGS_set=
ac_cv_env_SQLITE3_CFLAGS_value=
ac_cv_env_SQLITE3_LIBS_set=
ac_cv_env_SQLITE3_LIBS_value=
ac_cv_env_UPOWER_GLIB_CFLAGS_set=
ac_cv_env_UPOWER_GLIB_CFLAGS_value=
ac_cv_env_UPOWER_GLIB_LIBS_set=
ac_cv_env_UPOWER_GLIB_LIBS_value=
ac_cv_env_XCOMPOSITE_CFLAGS_set=
ac_cv_env_XCOMPOSITE_CFLAGS_value=
ac_cv_env_XCOMPOSITE_LIBS_set=
ac_cv_env_XCOMPOSITE_LIBS_value=
ac_cv_env_XDAMAGE_CFLAGS_set=
ac_cv_env_XDAMAGE_CFLAGS_value=
ac_cv_env_XDAMAGE_LIBS_set=
ac_cv_env_XDAMAGE_LIBS_value=
ac_cv_env_XRENDER_CFLAGS_set=
ac_cv_env_XRENDER_CFLAGS_value=
ac_cv_env_XRENDER_LIBS_set=
ac_cv_env_XRENDER_LIBS_value=
ac_cv_env_XT_CFLAGS_set=
ac_cv_env_XT_CFLAGS_value=
ac_cv_env_XT_LIBS_set=
ac_cv_env_XT_LIBS_value=
ac_cv_env_ZLIB_CFLAGS_set=
ac_cv_env_ZLIB_CFLAGS_value=
ac_cv_env_ZLIB_LIBS_set=
ac_cv_env_ZLIB_LIBS_value=
ac_cv_env_build_alias_set=
ac_cv_env_build_alias_value=
ac_cv_env_host_alias_set=
ac_cv_env_host_alias_value=
ac_cv_env_target_alias_set=
ac_cv_env_target_alias_value=
ac_cv_host=x86_64-unknown-linux-gnu
ac_cv_path_PERL=/usr/bin/perl
ac_cv_path_PYTHON=/usr/bin/python
ac_cv_path_RUBY=/usr/bin/ruby

## ----------------- ##
## Output variables. ##
## ----------------- ##

ACLOCAL=''
ACLOCAL_AMFLAGS='-I Source/autotools'
AMDEPBACKSLASH=''
AMDEP_FALSE=''
AMDEP_TRUE=''
AMTAR=''
AM_BACKSLASH=''
AM_DEFAULT_V=''
AM_DEFAULT_VERBOSITY=''
AM_V=''
AR=''
AR_FLAGS=''
AS=''
ATSPI2_CFLAGS=''
ATSPI2_LIBS=''
AUTOCONF=''
AUTOHEADER=''
AUTOMAKE=''
AWK=''
BISON=''
CAIRO_CFLAGS=''
CAIRO_DIRECTFB_CFLAGS=''
CAIRO_DIRECTFB_LIBS=''
CAIRO_GL_CFLAGS=''
CAIRO_GL_LIBS=''
CAIRO_LIBS=''
CC=''
CCDEPMODE=''
CFLAGS=''
COMPILER_CLANG_FALSE=''
COMPILER_CLANG_TRUE=''
COMPILER_GCC_FALSE=''
COMPILER_GCC_TRUE=''
COVERAGE_CFLAGS=''
COVERAGE_LDFLAGS=''
CPP=''
CPPFLAGS=''
CXX=''
CXXCPP=''
CXXDEPMODE=''
CXXFLAGS=''
CYGPATH_W=''
DEFS=''
DEPDIR=''
DLLTOOL=''
DOLT_BASH=''
DSYMUTIL=''
DUMPBIN=''
ECHO_C=''
ECHO_N='-n'
ECHO_T=''
EGREP=''
ENABLE_COVERAGE_FALSE=''
ENABLE_COVERAGE_TRUE=''
ENABLE_DEBUG_FALSE=''
ENABLE_DEBUG_TRUE=''
ENABLE_DEVELOPER_MODE_FALSE=''
ENABLE_DEVELOPER_MODE_TRUE=''
ENABLE_GTK_DOC_FALSE=''
ENABLE_GTK_DOC_TRUE=''
ENABLE_INDEXED_DATABASE_FALSE=''
ENABLE_INDEXED_DATABASE_TRUE=''
ENABLE_INTROSPECTION_FALSE=''
ENABLE_INTROSPECTION_TRUE=''
ENABLE_SPELLCHECK_FALSE=''
ENABLE_SPELLCHECK_TRUE=''
ENABLE_SVG_FALSE=''
ENABLE_SVG_TRUE=''
ENABLE_VIDEO_FALSE=''
ENABLE_VIDEO_TRUE=''
ENABLE_WEBGL_FALSE=''
ENABLE_WEBGL_TRUE=''
ENABLE_WEBKIT1_FALSE=''
ENABLE_WEBKIT1_TRUE=''
ENABLE_WEBKIT2_FALSE=''
ENABLE_WEBKIT2_TRUE=''
ENABLE_WEB_AUDIO_FALSE=''
ENABLE_WEB_AUDIO_TRUE=''
ENCHANT_CFLAGS=''
ENCHANT_LIBS=''
EXEEXT=''
FGREP=''
FLEX=''
FREETYPE_CFLAGS=''
FREETYPE_LIBS=''
GAMEPAD_CFLAGS=''
GAMEPAD_LIBS=''
GEOCLUE2_CFLAGS=''
GEOCLUE2_LIBS=''
GEOCLUE_CFLAGS=''
GEOCLUE_DBUS_INTERFACE=''
GEOCLUE_LIBS=''
GETTEXT_PACKAGE=''
GLIB_CFLAGS=''
GLIB_COMPILE_RESOURCES=''
GLIB_COMPILE_SCHEMAS=''
GLIB_GENMARSHAL=''
GLIB_LIBS=''
GLIB_MKENUMS=''
GOBJECT_QUERY=''
GPERF=''
GREP=''
GSETTINGS_DISABLE_SCHEMAS_COMPILE=''
GSETTINGS_RULES=''
GSTREAMER_CFLAGS=''
GSTREAMER_LIBS=''
GTK2_CFLAGS=''
GTK2_LIBS=''
GTKDOC_CHECK=''
GTKDOC_CHECK_PATH=''
GTKDOC_DEPS_CFLAGS=''
GTKDOC_DEPS_LIBS=''
GTKDOC_MKPDF=''
GTKDOC_REBASE=''
GTK_API_VERSION=''
GTK_API_VERSION_2_FALSE=''
GTK_API_VERSION_2_TRUE=''
GTK_CFLAGS=''
GTK_DIRECTFB_CFLAGS=''
GTK_DIRECTFB_LIBS=''
GTK_DOC_BUILD_HTML_FALSE=''
GTK_DOC_BUILD_HTML_TRUE=''
GTK_DOC_BUILD_PDF_FALSE=''
GTK_DOC_BUILD_PDF_TRUE=''
GTK_DOC_USE_LIBTOOL_FALSE=''
GTK_DOC_USE_LIBTOOL_TRUE=''
GTK_DOC_USE_REBASE_FALSE=''
GTK_DOC_USE_REBASE_TRUE=''
GTK_LIBS=''
GTK_UNIX_PRINTING_CFLAGS=''
GTK_UNIX_PRINTING_LIBS=''
GTK_WAYLAND_CFLAGS=''
GTK_WAYLAND_LIBS=''
GTK_X11_CFLAGS=''
GTK_X11_LIBS=''
G_IR_COMPILER=''
G_IR_GENERATE=''
G_IR_SCANNER=''
HARFBUZZ_ICU_CFLAGS=''
HARFBUZZ_ICU_LIBS=''
HAVE_ATSPI2_FALSE=''
HAVE_ATSPI2_TRUE=''
HAVE_GTK_DOC_FALSE=''
HAVE_GTK_DOC_TRUE=''
HTML_DIR=''
ICU_CFLAGS=''
ICU_LIBS=''
INSTALL_DATA=''
INSTALL_PROGRAM=''
INSTALL_SCRIPT=''
INSTALL_STRIP_PROGRAM=''
INTROSPECTION_CFLAGS=''
INTROSPECTION_LIBS=''
JPEG_LIBS=''
LD=''
LDFLAGS=''
LIBJAVASCRIPTCOREGTK_VERSION=''
LIBOBJS=''
LIBS=''
LIBSECRET_CFLAGS=''
LIBSECRET_LIBS=''
LIBSOUP_CFLAGS=''
LIBSOUP_LIBS=''
LIBTOOL=''
LIBWEBKIT2GTK_VERSION=''
LIBWEBKITGTK_VERSION=''
LIBXML_CFLAGS=''
LIBXML_LIBS=''
LIBXSLT_CFLAGS=''
LIBXSLT_LIBS=''
LIPO=''
LLVM_CFLAGS=''
LLVM_LIBS=''
LN_S=''
LTCOMPILE=''
LTCXXCOMPILE=''
LTLIBOBJS=''
LT_SYS_LIBRARY_PATH=''
MAINT=''
MAINTAINER_MODE_FALSE=''
MAINTAINER_MODE_TRUE=''
MAKEINFO=''
MANIFEST_TOOL=''
MKDIR_P=''
MV=''
NM=''
NMEDIT=''
OBJDUMP=''
OBJEXT=''
OLE32_LIBS=''
OPENGL_LIBS=''
OS_DARWIN_FALSE=''
OS_DARWIN_TRUE=''
OS_FREEBSD_FALSE=''
OS_FREEBSD_TRUE=''
OS_GNU_FALSE=''
OS_GNU_TRUE=''
OS_LINUX_FALSE=''
OS_LINUX_TRUE=''
OS_UNIX_FALSE=''
OS_UNIX_TRUE=''
OS_WIN32_FALSE=''
OS_WIN32_TRUE=''
OTOOL64=''
OTOOL=''
PACKAGE=''
PACKAGE_BUGREPORT='http://bugs.webkit.org/'
PACKAGE_NAME='WebKitGTK'
PACKAGE_STRING='WebKitGTK 2.4.11'
PACKAGE_TARNAME='webkitgtk'
PACKAGE_URL=''
PACKAGE_VERSION='2.4.11'
PANGO_CFLAGS=''
PANGO_LIBS=''
PATH_SEPARATOR=':'
PERL='/usr/bin/perl'
PKG_CONFIG=''
PKG_CONFIG_LIBDIR=''
PKG_CONFIG_PATH=''
PNG_LIBS=''
PYTHON='/usr/bin/python'
RANLIB=''
RUBY='/usr/bin/ruby'
SED=''
SET_MAKE=''
SHELL='/bin/bash'
SHLWAPI_LIBS=''
SHM_LIBS=''
SQLITE3_CFLAGS=''
SQLITE3_LIBS=''
STRIP=''
TARGET_DIRECTFB_FALSE=''
TARGET_DIRECTFB_TRUE=''
TARGET_QUARTZ_FALSE=''
TARGET_QUARTZ_TRUE=''
TARGET_WAYLAND_FALSE=''
TARGET_WAYLAND_TRUE=''
TARGET_WIN32_FALSE=''
TARGET_WIN32_TRUE=''
TARGET_X11_FALSE=''
TARGET_X11_OR_WAYLAND_FALSE=''
TARGET_X11_OR_WAYLAND_TRUE=''
TARGET_X11_TRUE=''
UNICODE_CFLAGS=''
UNICODE_LIBS=''
UPOWER_GLIB_CFLAGS=''
UPOWER_GLIB_LIBS=''
USE_ACCELERATED_COMPOSITING_FALSE=''
USE_ACCELERATED_COMPOSITING_TRUE=''
USE_EGL_FALSE=''
USE_EGL_TRUE=''
USE_GEOCLUE2_FALSE=''
USE_GEOCLUE2_TRUE=''
USE_GLES2_FALSE=''
USE_GLES2_TRUE=''
USE_GLX_FALSE=''
USE_GLX_TRUE=''
USE_GSTREAMER_FALSE=''
USE_GSTREAMER_TRUE=''
USE_OPENGL_FALSE=''
USE_OPENGL_TRUE=''
USE_TEXTURE_MAPPER_GL_FALSE=''
USE_TEXTURE_MAPPER_GL_TRUE=''
USE_WEBAUDIO_GSTREAMER_FALSE=''
USE_WEBAUDIO_GSTREAMER_TRUE=''
VERSION=''
WEBKITGTK_API_MAJOR_VERSION=''
WEBKITGTK_API_MINOR_VERSION=''
WEBKITGTK_API_VERSION=''
WEBKITGTK_PC_NAME=''
WEBKIT_MAJOR_VERSION='2'
WEBKIT_MICRO_VERSION='11'
WEBKIT_MINOR_VERSION='4'
WEBKIT_USER_AGENT_MAJOR_VERSION='538'
WEBKIT_USER_AGENT_MINOR_VERSION='15'
WEBP_LIBS=''
WINMM_LIBS=''
XCOMPOSITE_CFLAGS=''
XCOMPOSITE_LIBS=''
XDAMAGE_CFLAGS=''
XDAMAGE_LIBS=''
XRENDER_CFLAGS=''
XRENDER_LIBS=''
XT_CFLAGS=''
XT_LIBS=''
ZLIB_CFLAGS=''
ZLIB_LIBS=''
ac_ct_AR=''
ac_ct_CC=''
ac_ct_CXX=''
ac_ct_DUMPBIN=''
am__EXEEXT_FALSE=''
am__EXEEXT_TRUE=''
am__fastdepCC_FALSE=''
am__fastdepCC_TRUE=''
am__fastdepCXX_FALSE=''
am__fastdepCXX_TRUE=''
am__include=''
am__isrc=''
am__leading_dot=''
am__nodep=''
am__quote=''
am__tar=''
am__untar=''
bindir='${exec_prefix}/bin'
build='x86_64-unknown-linux-gnu'
build_alias=''
build_cpu='x86_64'
build_os='linux-gnu'
build_vendor='unknown'
datadir='${datarootdir}'
datarootdir='${prefix}/share'
docdir='${datarootdir}/doc/${PACKAGE_TARNAME}'
dvidir='${docdir}'
exec_prefix='NONE'
gsettingsschemadir=''
host='x86_64-unknown-linux-gnu'
host_alias=''
host_cpu='x86_64'
host_os='linux-gnu'
host_vendor='unknown'
htmldir='${docdir}'
icu_config=''
includedir='${prefix}/include'
infodir='${datarootdir}/info'
install_sh=''
libdir='${exec_prefix}/lib'
libexecdir='${exec_prefix}/libexec'
llvm_config=''
localedir='${datarootdir}/locale'
localstatedir='${prefix}/var'
mandir='${datarootdir}/man'
mkdir_p=''
oldincludedir='/usr/include'
pdfdir='${docdir}'
prefix='NONE'
program_transform_name='s,x,x,'
psdir='${docdir}'
runstatedir='${localstatedir}/run'
sbindir='${exec_prefix}/sbin'
sharedstatedir='${prefix}/com'
sysconfdir='${prefix}/etc'
target_alias=''

## ----------- ##
## confdefs.h. ##
## ----------- ##

/* confdefs.h */
#define PACKAGE_NAME "WebKitGTK"
#define PACKAGE_TARNAME "webkitgtk"
#define PACKAGE_VERSION "2.4.11"
#define PACKAGE_STRING "WebKitGTK 2.4.11"
#define PACKAGE_BUGREPORT "http://bugs.webkit.org/"
#define PACKAGE_URL ""
#define USER_AGENT_GTK_MAJOR_VERSION 538
#define USER_AGENT_GTK_MINOR_VERSION 15

configure: exit 1
